<?xml version="1.0" encoding="UTF-8"?>
<testng-results ignored="0" total="1" passed="1" failed="0" skipped="0">
  <reporter-output>
  </reporter-output>
  <suite started-at="2023-09-02T18:31:08 IST" name="Default suite" finished-at="2023-09-02T18:31:25 IST" duration-ms="17167">
    <groups>
    </groups>
    <test started-at="2023-09-02T18:31:08 IST" name="Default test" finished-at="2023-09-02T18:31:25 IST" duration-ms="17167">
      <class name="testCase.TC01">
        <test-method is-config="true" signature="BeforeMethod()[pri:0, instance:testCase.TC01@7d0b7e3c]" started-at="2023-09-02T18:31:08 IST" name="BeforeMethod" finished-at="2023-09-02T18:31:24 IST" duration-ms="15458" status="PASS">
          <reporter-output>
          </reporter-output>
        </test-method> <!-- BeforeMethod -->
        <test-method signature="verifySlider()[pri:0, instance:testCase.TC01@7d0b7e3c]" started-at="2023-09-02T18:31:24 IST" name="verifySlider" finished-at="2023-09-02T18:31:25 IST" duration-ms="1001" status="PASS">
          <reporter-output>
          </reporter-output>
        </test-method> <!-- verifySlider -->
        <test-method is-config="true" signature="AfterMethod()[pri:0, instance:testCase.TC01@7d0b7e3c]" started-at="2023-09-02T18:31:25 IST" name="AfterMethod" finished-at="2023-09-02T18:31:25 IST" duration-ms="536" status="PASS">
          <reporter-output>
          </reporter-output>
        </test-method> <!-- AfterMethod -->
      </class> <!-- testCase.TC01 -->
    </test> <!-- Default test -->
  </suite> <!-- Default suite -->
</testng-results>
